Convención
RAAN
MARENA
RAAS
Estatuto
Reglamento
CIDFP
CP
Convención Interamericana de Derechos Humanos
Convención Americana sobre Derechos Humanos
Regiones Autónomas del Atlántico Norte
Ministerio del Ambiente y Recursos Naturales de Nicaragua
Regiones Autónomas del Atlántico Sur
Convención Americana de Derechos Humanos
Estatuto de la Corte
Reglamento de la Corte
Convención Interamericana sobre Desaparición Forzada de Personas
Convención Americana
Proyecto de Art
Proyecto de Artículo
Protección de Todas las Personas contra las Desapariciones Forzadas
